<?xml version="1.0" encoding="UTF-8"?>
<!-- Generated by org.testng.reporters.JUnitReportReporter -->
<testsuite skipped="0" hostname="MacBook-Pro-WangHongYing.local" name="com.testngplusmaven.mavenproject2018.NavigationTest" tests="1" failures="0" timestamp="2021-08-22T19:49:16 IST" time="13.569" errors="0">
  <testcase name="f" time="13.569" classname="com.testngplusmaven.mavenproject2018.NavigationTest"/>
  <system-out/>
</testsuite> <!-- com.testngplusmaven.mavenproject2018.NavigationTest -->
